Using pre-set license

 COMMAND LINE ARGUMENTS:
/Applications/Unity/Hub/Editor/2020.3.0f1/Unity.app/Contents/MacOS/Unity
-adb2
-batchMode
-noUpm
-name
AssetImportWorker0
-projectPath
/Users/marshalltugman/Desktop/Cat Project/GitHub/catScrambleGame/catScrambleGame
-logFile
Logs/AssetImportWorker0.log
-srvPort
58029
Successfully changed project path to: /Users/marshalltugman/Desktop/Cat Project/GitHub/catScrambleGame/catScrambleGame
/Users/marshalltugman/Desktop/Cat Project/GitHub/catScrambleGame/catScrambleGame
Using Asset Import Pipeline V2.
Refreshing native plugins compatible for Editor in 17.70 ms, found 1 plugins.
Preloading 0 native plugins for Editor in 0.00 ms.
Initialize engine version: 2020.3.0f1 (c7b5465681fb)
[Subsystems] Discovering subsystems at path /Applications/Unity/Hub/Editor/2020.3.0f1/Unity.app/Contents/Resources/UnitySubsystems
[Subsystems] Discovering subsystems at path /Users/marshalltugman/Desktop/Cat Project/GitHub/catScrambleGame/catScrambleGame/Assets
GfxDevice: creating device client; threaded=0
2025-04-13 13:00:00.862 Unity[84451:9508502] (null) preferred device: Apple M4 Pro (high power)
2025-04-13 13:00:00.862 Unity[84451:9508502] Metal devices available: 1
2025-04-13 13:00:00.862 Unity[84451:9508502] 0: Apple M4 Pro (high power)
2025-04-13 13:00:00.862 Unity[84451:9508502] Using device Apple M4 Pro (high power)
Initializing Metal device caps: Apple M4 Pro
Initialize mono
Mono path[0] = '/Applications/Unity/Hub/Editor/2020.3.0f1/Unity.app/Contents/Managed'
Mono path[1] = '/Applications/Unity/Hub/Editor/2020.3.0f1/Unity.app/Contents/MonoBleedingEdge/lib/mono/unityjit'
Mono config path = '/Applications/Unity/Hub/Editor/2020.3.0f1/Unity.app/Contents/MonoBleedingEdge/etc'
Using monoOptions --debugger-agent=transport=dt_socket,embedding=1,server=y,suspend=n,address=127.0.0.1:56451
Begin MonoManager ReloadAssembly
Registering precompiled unity dll's ...
Register platform support module: /Applications/Unity/Hub/Editor/2020.3.0f1/Unity.app/Contents/PlaybackEngines/MacStandaloneSupport/UnityEditor.OSXStandalone.Extensions.dll
Registered in 0.000267 seconds.
Native extension for OSXStandalone target not found
Refreshing native plugins compatible for Editor in 15.04 ms, found 1 plugins.
Preloading 0 native plugins for Editor in 0.00 ms.
Invoked RoslynAnalysisRunner static constructor.
RoslynAnalysisRunner will not be running.
RoslynAnalysisRunner has terminated.
Mono: successfully reloaded assembly
- Completed reload, in  1.195 seconds
Platform modules already initialized, skipping
Registering precompiled user dll's ...
Registered in 0.000152 seconds.
Begin MonoManager ReloadAssembly
Native extension for OSXStandalone target not found
Refreshing native plugins compatible for Editor in 0.21 ms, found 1 plugins.
Preloading 0 native plugins for Editor in 0.00 ms.
Invoked RoslynAnalysisRunner static constructor.
RoslynAnalysisRunner will not be running.
RoslynAnalysisRunner has terminated.
Mono: successfully reloaded assembly
- Completed reload, in  1.255 seconds
Platform modules already initialized, skipping
========================================================================
Worker process is ready to serve import requests
Launching external process: /Applications/Unity/Hub/Editor/2020.3.0f1/Unity.app/Contents/Tools/UnityShaderCompiler
Launched and connected shader compiler UnityShaderCompiler after 0.04 seconds
Refreshing native plugins compatible for Editor in 0.18 ms, found 1 plugins.
Preloading 0 native plugins for Editor in 0.00 ms.
Unloading 1120 Unused Serialized files (Serialized files now loaded: 0)
System memory in use before: 64.3 MB.
System memory in use after: 64.4 MB.

Unloading 9 unused Assets to reduce memory usage. Loaded Objects now: 1571.
Total: 1.026375 ms (FindLiveObjects: 0.109875 ms CreateObjectMapping: 0.014916 ms MarkObjects: 0.839667 ms  DeleteObjects: 0.061125 ms)

========================================================================
Received Import Request.
  path: Assets/RoadSigns/Prefabs/Road/Spawner.cs
  artifactKey: Guid(6dc836177148a421cbec0e87371e1a4a) Importer(815301076,1909f56bfc062723c751e8b465ee728b)
Start importing Assets/RoadSigns/Prefabs/Road/Spawner.cs using Guid(6dc836177148a421cbec0e87371e1a4a) Importer(815301076,1909f56bfc062723c751e8b465ee728b)  -> (artifact id: '5cfe6a04a1d665c9c65ffc961c097abb') in 0.144844 seconds
  Import took 0.146652 seconds .

========================================================================
Received Prepare
Registering precompiled user dll's ...
Registered in 0.000186 seconds.
Begin MonoManager ReloadAssembly
Native extension for OSXStandalone target not found
Refreshing native plugins compatible for Editor in 0.19 ms, found 1 plugins.
Preloading 0 native plugins for Editor in 0.00 ms.
Invoked RoslynAnalysisRunner static constructor.
RoslynAnalysisRunner will not be running.
RoslynAnalysisRunner has terminated.
Mono: successfully reloaded assembly
- Completed reload, in  1.073 seconds
Platform modules already initialized, skipping
Refreshing native plugins compatible for Editor in 0.16 ms, found 1 plugins.
Preloading 0 native plugins for Editor in 0.00 ms.
Unloading 1114 Unused Serialized files (Serialized files now loaded: 0)
System memory in use before: 68.9 MB.
System memory in use after: 69.0 MB.

Unloading 4 unused Assets to reduce memory usage. Loaded Objects now: 1574.
Total: 0.812042 ms (FindLiveObjects: 0.088667 ms CreateObjectMapping: 0.014042 ms MarkObjects: 0.694000 ms  DeleteObjects: 0.014708 ms)

========================================================================
Received Import Request.
  Time since last request: 7.775715 seconds.
  path: Assets/RoadSigns/Prefabs/Road/Spawner.cs
  artifactKey: Guid(6dc836177148a421cbec0e87371e1a4a) Importer(815301076,1909f56bfc062723c751e8b465ee728b)
Start importing Assets/RoadSigns/Prefabs/Road/Spawner.cs using Guid(6dc836177148a421cbec0e87371e1a4a) Importer(815301076,1909f56bfc062723c751e8b465ee728b)  -> (artifact id: '534da46d7dd4f7c69b0eeac23a6ddf4d') in 0.005909 seconds
  Import took 0.007377 seconds .

========================================================================
Received Import Request.
  Time since last request: 17.726669 seconds.
  path: Assets/RoadSigns/Prefabs/Road/MoveObstacles.cs
  artifactKey: Guid(eb6a604c87b964dbfa38bc252213ba54) Importer(815301076,1909f56bfc062723c751e8b465ee728b)
Start importing Assets/RoadSigns/Prefabs/Road/MoveObstacles.cs using Guid(eb6a604c87b964dbfa38bc252213ba54) Importer(815301076,1909f56bfc062723c751e8b465ee728b)  -> (artifact id: '520c52775b228c1d250703bcbf2c61d5') in 0.002262 seconds
  Import took 0.003647 seconds .

========================================================================
Received Prepare
Registering precompiled user dll's ...
Registered in 0.000188 seconds.
Begin MonoManager ReloadAssembly
Native extension for OSXStandalone target not found
Refreshing native plugins compatible for Editor in 0.18 ms, found 1 plugins.
Preloading 0 native plugins for Editor in 0.00 ms.
Invoked RoslynAnalysisRunner static constructor.
RoslynAnalysisRunner will not be running.
RoslynAnalysisRunner has terminated.
Mono: successfully reloaded assembly
- Completed reload, in  1.061 seconds
Platform modules already initialized, skipping
Refreshing native plugins compatible for Editor in 0.17 ms, found 1 plugins.
Preloading 0 native plugins for Editor in 0.00 ms.
Unloading 1115 Unused Serialized files (Serialized files now loaded: 0)
System memory in use before: 70.2 MB.
System memory in use after: 70.3 MB.

Unloading 4 unused Assets to reduce memory usage. Loaded Objects now: 1578.
Total: 0.768500 ms (FindLiveObjects: 0.088416 ms CreateObjectMapping: 0.014917 ms MarkObjects: 0.656167 ms  DeleteObjects: 0.008375 ms)

========================================================================
Received Import Request.
  Time since last request: 23.997757 seconds.
  path: Assets/RoadSigns/Prefabs/Road/MoveObstacles.cs
  artifactKey: Guid(eb6a604c87b964dbfa38bc252213ba54) Importer(815301076,1909f56bfc062723c751e8b465ee728b)
Start importing Assets/RoadSigns/Prefabs/Road/MoveObstacles.cs using Guid(eb6a604c87b964dbfa38bc252213ba54) Importer(815301076,1909f56bfc062723c751e8b465ee728b)  -> (artifact id: '4d79512f5978121c488769174913c253') in 0.003820 seconds
  Import took 0.005014 seconds .

========================================================================
Received Prepare
Registering precompiled user dll's ...
Registered in 0.000161 seconds.
Begin MonoManager ReloadAssembly
Native extension for OSXStandalone target not found
Refreshing native plugins compatible for Editor in 0.17 ms, found 1 plugins.
Preloading 0 native plugins for Editor in 0.00 ms.
Invoked RoslynAnalysisRunner static constructor.
RoslynAnalysisRunner will not be running.
RoslynAnalysisRunner has terminated.
Mono: successfully reloaded assembly
- Completed reload, in  0.909 seconds
Platform modules already initialized, skipping
Refreshing native plugins compatible for Editor in 0.10 ms, found 1 plugins.
Preloading 0 native plugins for Editor in 0.00 ms.
Unloading 1115 Unused Serialized files (Serialized files now loaded: 0)
System memory in use before: 71.5 MB.
System memory in use after: 71.6 MB.

Unloading 4 unused Assets to reduce memory usage. Loaded Objects now: 1581.
Total: 0.805000 ms (FindLiveObjects: 0.082167 ms CreateObjectMapping: 0.015166 ms MarkObjects: 0.698667 ms  DeleteObjects: 0.008250 ms)

========================================================================
Received Prepare
Registering precompiled user dll's ...
Registered in 0.000179 seconds.
Begin MonoManager ReloadAssembly
Native extension for OSXStandalone target not found
Refreshing native plugins compatible for Editor in 0.17 ms, found 1 plugins.
Preloading 0 native plugins for Editor in 0.00 ms.
Invoked RoslynAnalysisRunner static constructor.
RoslynAnalysisRunner will not be running.
RoslynAnalysisRunner has terminated.
Mono: successfully reloaded assembly
- Completed reload, in  0.886 seconds
Platform modules already initialized, skipping
Refreshing native plugins compatible for Editor in 0.09 ms, found 1 plugins.
Preloading 0 native plugins for Editor in 0.00 ms.
Unloading 1115 Unused Serialized files (Serialized files now loaded: 0)
System memory in use before: 72.8 MB.
System memory in use after: 72.9 MB.

Unloading 4 unused Assets to reduce memory usage. Loaded Objects now: 1584.
Total: 0.761250 ms (FindLiveObjects: 0.083375 ms CreateObjectMapping: 0.014792 ms MarkObjects: 0.653834 ms  DeleteObjects: 0.008709 ms)

========================================================================
Received Import Request.
  Time since last request: 203.041598 seconds.
  path: Assets/RoadSigns/Prefabs/Road/Mover.cs
  artifactKey: Guid(eb6a604c87b964dbfa38bc252213ba54) Importer(815301076,1909f56bfc062723c751e8b465ee728b)
Start importing Assets/RoadSigns/Prefabs/Road/Mover.cs using Guid(eb6a604c87b964dbfa38bc252213ba54) Importer(815301076,1909f56bfc062723c751e8b465ee728b)  -> (artifact id: 'e90b4f3dc5c0750c7e1ef685758607ab') in 0.004879 seconds
  Import took 0.006555 seconds .

========================================================================
Received Import Request.
  Time since last request: 0.007710 seconds.
  path: Assets/RoadSigns/Prefabs/Road/Mover.cs
  artifactKey: Guid(eb6a604c87b964dbfa38bc252213ba54) Importer(815301076,1909f56bfc062723c751e8b465ee728b)
Start importing Assets/RoadSigns/Prefabs/Road/Mover.cs using Guid(eb6a604c87b964dbfa38bc252213ba54) Importer(815301076,1909f56bfc062723c751e8b465ee728b)  -> (artifact id: 'e90b4f3dc5c0750c7e1ef685758607ab') in 0.001515 seconds
  Import took 0.002898 seconds .

========================================================================
Received Prepare
Registering precompiled user dll's ...
Registered in 0.000186 seconds.
Begin MonoManager ReloadAssembly
Native extension for OSXStandalone target not found
Refreshing native plugins compatible for Editor in 0.18 ms, found 1 plugins.
Preloading 0 native plugins for Editor in 0.00 ms.
Invoked RoslynAnalysisRunner static constructor.
RoslynAnalysisRunner will not be running.
RoslynAnalysisRunner has terminated.
Mono: successfully reloaded assembly
- Completed reload, in  1.042 seconds
Platform modules already initialized, skipping
Refreshing native plugins compatible for Editor in 0.17 ms, found 1 plugins.
Preloading 0 native plugins for Editor in 0.00 ms.
Unloading 1115 Unused Serialized files (Serialized files now loaded: 0)
System memory in use before: 74.1 MB.
System memory in use after: 74.2 MB.

Unloading 4 unused Assets to reduce memory usage. Loaded Objects now: 1587.
Total: 0.881750 ms (FindLiveObjects: 0.080917 ms CreateObjectMapping: 0.015042 ms MarkObjects: 0.776292 ms  DeleteObjects: 0.008875 ms)

========================================================================
Received Prepare
Registering precompiled user dll's ...
Registered in 0.000160 seconds.
Begin MonoManager ReloadAssembly
Native extension for OSXStandalone target not found
Refreshing native plugins compatible for Editor in 0.17 ms, found 1 plugins.
Preloading 0 native plugins for Editor in 0.00 ms.
Invoked RoslynAnalysisRunner static constructor.
RoslynAnalysisRunner will not be running.
RoslynAnalysisRunner has terminated.
Mono: successfully reloaded assembly
- Completed reload, in  0.923 seconds
Platform modules already initialized, skipping
Refreshing native plugins compatible for Editor in 0.16 ms, found 1 plugins.
Preloading 0 native plugins for Editor in 0.00 ms.
Unloading 1115 Unused Serialized files (Serialized files now loaded: 0)
System memory in use before: 75.4 MB.
System memory in use after: 75.5 MB.

Unloading 4 unused Assets to reduce memory usage. Loaded Objects now: 1590.
Total: 0.756417 ms (FindLiveObjects: 0.085417 ms CreateObjectMapping: 0.015916 ms MarkObjects: 0.646000 ms  DeleteObjects: 0.008291 ms)

========================================================================
Received Prepare
Registering precompiled user dll's ...
Registered in 0.000202 seconds.
Begin MonoManager ReloadAssembly
Native extension for OSXStandalone target not found
Refreshing native plugins compatible for Editor in 0.16 ms, found 1 plugins.
Preloading 0 native plugins for Editor in 0.00 ms.
Invoked RoslynAnalysisRunner static constructor.
RoslynAnalysisRunner will not be running.
RoslynAnalysisRunner has terminated.
Mono: successfully reloaded assembly
- Completed reload, in  0.901 seconds
Platform modules already initialized, skipping
Refreshing native plugins compatible for Editor in 0.12 ms, found 1 plugins.
Preloading 0 native plugins for Editor in 0.00 ms.
Unloading 1115 Unused Serialized files (Serialized files now loaded: 0)
System memory in use before: 76.7 MB.
System memory in use after: 76.8 MB.

Unloading 4 unused Assets to reduce memory usage. Loaded Objects now: 1593.
Total: 0.813166 ms (FindLiveObjects: 0.099042 ms CreateObjectMapping: 0.014750 ms MarkObjects: 0.690666 ms  DeleteObjects: 0.008208 ms)

========================================================================
Received Prepare
Registering precompiled user dll's ...
Registered in 0.000196 seconds.
Begin MonoManager ReloadAssembly
Native extension for OSXStandalone target not found
Refreshing native plugins compatible for Editor in 0.17 ms, found 1 plugins.
Preloading 0 native plugins for Editor in 0.00 ms.
Invoked RoslynAnalysisRunner static constructor.
RoslynAnalysisRunner will not be running.
RoslynAnalysisRunner has terminated.
Mono: successfully reloaded assembly
- Completed reload, in  1.009 seconds
Platform modules already initialized, skipping
Refreshing native plugins compatible for Editor in 0.17 ms, found 1 plugins.
Preloading 0 native plugins for Editor in 0.00 ms.
Unloading 1115 Unused Serialized files (Serialized files now loaded: 0)
System memory in use before: 78.0 MB.
System memory in use after: 78.1 MB.

Unloading 4 unused Assets to reduce memory usage. Loaded Objects now: 1596.
Total: 0.866292 ms (FindLiveObjects: 0.087042 ms CreateObjectMapping: 0.015041 ms MarkObjects: 0.753875 ms  DeleteObjects: 0.009708 ms)

========================================================================
Received Prepare
Registering precompiled user dll's ...
Registered in 0.000236 seconds.
Begin MonoManager ReloadAssembly
Native extension for OSXStandalone target not found
Refreshing native plugins compatible for Editor in 0.16 ms, found 1 plugins.
Preloading 0 native plugins for Editor in 0.00 ms.
Invoked RoslynAnalysisRunner static constructor.
RoslynAnalysisRunner will not be running.
RoslynAnalysisRunner has terminated.
Mono: successfully reloaded assembly
- Completed reload, in  0.870 seconds
Platform modules already initialized, skipping
Refreshing native plugins compatible for Editor in 0.07 ms, found 1 plugins.
Preloading 0 native plugins for Editor in 0.00 ms.
Unloading 1115 Unused Serialized files (Serialized files now loaded: 0)
System memory in use before: 79.3 MB.
System memory in use after: 79.4 MB.

Unloading 4 unused Assets to reduce memory usage. Loaded Objects now: 1599.
Total: 0.774791 ms (FindLiveObjects: 0.089958 ms CreateObjectMapping: 0.014042 ms MarkObjects: 0.660459 ms  DeleteObjects: 0.009875 ms)

========================================================================
Received Prepare
Registering precompiled user dll's ...
Registered in 0.000222 seconds.
Begin MonoManager ReloadAssembly
Native extension for OSXStandalone target not found
Refreshing native plugins compatible for Editor in 0.18 ms, found 1 plugins.
Preloading 0 native plugins for Editor in 0.00 ms.
Invoked RoslynAnalysisRunner static constructor.
RoslynAnalysisRunner will not be running.
RoslynAnalysisRunner has terminated.
Mono: successfully reloaded assembly
- Completed reload, in  0.932 seconds
Platform modules already initialized, skipping
Refreshing native plugins compatible for Editor in 0.08 ms, found 1 plugins.
Preloading 0 native plugins for Editor in 0.00 ms.
Unloading 1115 Unused Serialized files (Serialized files now loaded: 0)
System memory in use before: 80.6 MB.
System memory in use after: 80.7 MB.

Unloading 4 unused Assets to reduce memory usage. Loaded Objects now: 1602.
Total: 0.798417 ms (FindLiveObjects: 0.114583 ms CreateObjectMapping: 0.017542 ms MarkObjects: 0.654875 ms  DeleteObjects: 0.010500 ms)

========================================================================
Received Prepare
Registering precompiled user dll's ...
Registered in 0.000204 seconds.
Begin MonoManager ReloadAssembly
Native extension for OSXStandalone target not found
Refreshing native plugins compatible for Editor in 0.16 ms, found 1 plugins.
Preloading 0 native plugins for Editor in 0.00 ms.
Invoked RoslynAnalysisRunner static constructor.
RoslynAnalysisRunner will not be running.
RoslynAnalysisRunner has terminated.
Mono: successfully reloaded assembly
- Completed reload, in  0.880 seconds
Platform modules already initialized, skipping
Refreshing native plugins compatible for Editor in 0.08 ms, found 1 plugins.
Preloading 0 native plugins for Editor in 0.00 ms.
Unloading 1115 Unused Serialized files (Serialized files now loaded: 0)
System memory in use before: 81.9 MB.
System memory in use after: 82.0 MB.

Unloading 4 unused Assets to reduce memory usage. Loaded Objects now: 1605.
Total: 0.773417 ms (FindLiveObjects: 0.087708 ms CreateObjectMapping: 0.018792 ms MarkObjects: 0.658333 ms  DeleteObjects: 0.007959 ms)

========================================================================
Received Import Request.
  Time since last request: 572.864235 seconds.
  path: Assets/RoadSigns/Prefabs/Road/Cube.prefab
  artifactKey: Guid(7d0eedd5f2fda45cf8ef3d07dc939b52) Importer(815301076,1909f56bfc062723c751e8b465ee728b)
Start importing Assets/RoadSigns/Prefabs/Road/Cube.prefab using Guid(7d0eedd5f2fda45cf8ef3d07dc939b52) Importer(815301076,1909f56bfc062723c751e8b465ee728b)  -> (artifact id: 'c18876f042076c014b898eded6d95f1c') in 0.411455 seconds
  Import took 0.413088 seconds .

========================================================================
Received Import Request.
  Time since last request: 27.109495 seconds.
  path: Assets/Scripts/Spawner.cs
  artifactKey: Guid(ab11d33e6e0d6448fa84476209862146) Importer(815301076,1909f56bfc062723c751e8b465ee728b)
Start importing Assets/Scripts/Spawner.cs using Guid(ab11d33e6e0d6448fa84476209862146) Importer(815301076,1909f56bfc062723c751e8b465ee728b)  -> (artifact id: 'cb8d8655f13a0f6f9ff5ed39f038f8f7') in 0.001926 seconds
  Import took 0.003669 seconds .

========================================================================
Received Import Request.
  Time since last request: 0.003793 seconds.
  path: Assets/Scripts/Spawner.cs
  artifactKey: Guid(ab11d33e6e0d6448fa84476209862146) Importer(815301076,1909f56bfc062723c751e8b465ee728b)
Start importing Assets/Scripts/Spawner.cs using Guid(ab11d33e6e0d6448fa84476209862146) Importer(815301076,1909f56bfc062723c751e8b465ee728b)  -> (artifact id: 'cb8d8655f13a0f6f9ff5ed39f038f8f7') in 0.000793 seconds
  Import took 0.002099 seconds .

========================================================================
Received Import Request.
  Time since last request: 14.896809 seconds.
  path: Assets/Scripts/Spawner.cs
  artifactKey: Guid(ab11d33e6e0d6448fa84476209862146) Importer(815301076,1909f56bfc062723c751e8b465ee728b)
Start importing Assets/Scripts/Spawner.cs using Guid(ab11d33e6e0d6448fa84476209862146) Importer(815301076,1909f56bfc062723c751e8b465ee728b)  -> (artifact id: '66ef2c553c3770c4dde866372c9dd058') in 0.000754 seconds
  Import took 0.002010 seconds .

========================================================================
Received Import Request.
  Time since last request: 5.168031 seconds.
  path: Assets/Scripts/Mover.cs
  artifactKey: Guid(7e740afdf0a8c4f59ae8e0320c309e11) Importer(815301076,1909f56bfc062723c751e8b465ee728b)
Start importing Assets/Scripts/Mover.cs using Guid(7e740afdf0a8c4f59ae8e0320c309e11) Importer(815301076,1909f56bfc062723c751e8b465ee728b)  -> (artifact id: '0d49c8de72b0084512b83a01bacd9f1f') in 0.001256 seconds
  Import took 0.002770 seconds .

========================================================================
Received Import Request.
  Time since last request: 11.600777 seconds.
  path: Assets/Scripts/Mover.cs
  artifactKey: Guid(7e740afdf0a8c4f59ae8e0320c309e11) Importer(815301076,1909f56bfc062723c751e8b465ee728b)
Start importing Assets/Scripts/Mover.cs using Guid(7e740afdf0a8c4f59ae8e0320c309e11) Importer(815301076,1909f56bfc062723c751e8b465ee728b)  -> (artifact id: '8e6f3e8fb4d97d2638c4aad40c22ba6f') in 0.001035 seconds
  Import took 0.002453 seconds .

========================================================================
Received Prepare
Registering precompiled user dll's ...
Registered in 0.000276 seconds.
Begin MonoManager ReloadAssembly
Native extension for OSXStandalone target not found
Refreshing native plugins compatible for Editor in 0.17 ms, found 1 plugins.
Preloading 0 native plugins for Editor in 0.00 ms.
Invoked RoslynAnalysisRunner static constructor.
RoslynAnalysisRunner will not be running.
RoslynAnalysisRunner has terminated.
Mono: successfully reloaded assembly
- Completed reload, in  1.009 seconds
Platform modules already initialized, skipping
Refreshing native plugins compatible for Editor in 0.10 ms, found 1 plugins.
Preloading 0 native plugins for Editor in 0.00 ms.
Unloading 1115 Unused Serialized files (Serialized files now loaded: 0)
System memory in use before: 88.3 MB.
System memory in use after: 88.4 MB.

Unloading 7 unused Assets to reduce memory usage. Loaded Objects now: 1616.
Total: 0.780583 ms (FindLiveObjects: 0.082000 ms CreateObjectMapping: 0.012583 ms MarkObjects: 0.668875 ms  DeleteObjects: 0.016375 ms)

========================================================================
Received Prepare
Registering precompiled user dll's ...
Registered in 0.000220 seconds.
Begin MonoManager ReloadAssembly
Native extension for OSXStandalone target not found
Refreshing native plugins compatible for Editor in 0.17 ms, found 1 plugins.
Preloading 0 native plugins for Editor in 0.00 ms.
Invoked RoslynAnalysisRunner static constructor.
RoslynAnalysisRunner will not be running.
RoslynAnalysisRunner has terminated.
Mono: successfully reloaded assembly
- Completed reload, in  0.938 seconds
Platform modules already initialized, skipping
Refreshing native plugins compatible for Editor in 0.07 ms, found 1 plugins.
Preloading 0 native plugins for Editor in 0.00 ms.
Unloading 1115 Unused Serialized files (Serialized files now loaded: 0)
System memory in use before: 89.6 MB.
System memory in use after: 89.7 MB.

Unloading 4 unused Assets to reduce memory usage. Loaded Objects now: 1619.
Total: 0.747542 ms (FindLiveObjects: 0.089792 ms CreateObjectMapping: 0.013417 ms MarkObjects: 0.634750 ms  DeleteObjects: 0.009000 ms)

========================================================================
Received Prepare
Registering precompiled user dll's ...
Registered in 0.000185 seconds.
Begin MonoManager ReloadAssembly
Native extension for OSXStandalone target not found
Refreshing native plugins compatible for Editor in 0.17 ms, found 1 plugins.
Preloading 0 native plugins for Editor in 0.00 ms.
Invoked RoslynAnalysisRunner static constructor.
RoslynAnalysisRunner will not be running.
RoslynAnalysisRunner has terminated.
Mono: successfully reloaded assembly
- Completed reload, in  0.903 seconds
Platform modules already initialized, skipping
Refreshing native plugins compatible for Editor in 0.08 ms, found 1 plugins.
Preloading 0 native plugins for Editor in 0.00 ms.
Unloading 1115 Unused Serialized files (Serialized files now loaded: 0)
System memory in use before: 90.9 MB.
System memory in use after: 91.0 MB.

Unloading 4 unused Assets to reduce memory usage. Loaded Objects now: 1622.
Total: 0.737750 ms (FindLiveObjects: 0.097917 ms CreateObjectMapping: 0.013542 ms MarkObjects: 0.614625 ms  DeleteObjects: 0.011042 ms)

========================================================================
Received Prepare
Registering precompiled user dll's ...
Registered in 0.000196 seconds.
Begin MonoManager ReloadAssembly
Native extension for OSXStandalone target not found
Refreshing native plugins compatible for Editor in 0.17 ms, found 1 plugins.
Preloading 0 native plugins for Editor in 0.00 ms.
Invoked RoslynAnalysisRunner static constructor.
RoslynAnalysisRunner will not be running.
RoslynAnalysisRunner has terminated.
Mono: successfully reloaded assembly
- Completed reload, in  0.885 seconds
Platform modules already initialized, skipping
Refreshing native plugins compatible for Editor in 0.07 ms, found 1 plugins.
Preloading 0 native plugins for Editor in 0.00 ms.
Unloading 1115 Unused Serialized files (Serialized files now loaded: 0)
System memory in use before: 92.2 MB.
System memory in use after: 92.3 MB.

Unloading 4 unused Assets to reduce memory usage. Loaded Objects now: 1625.
Total: 0.798333 ms (FindLiveObjects: 0.112542 ms CreateObjectMapping: 0.017708 ms MarkObjects: 0.659666 ms  DeleteObjects: 0.007542 ms)

========================================================================
Received Prepare
Registering precompiled user dll's ...
Registered in 0.000221 seconds.
Begin MonoManager ReloadAssembly
Native extension for OSXStandalone target not found
Refreshing native plugins compatible for Editor in 0.17 ms, found 1 plugins.
Preloading 0 native plugins for Editor in 0.00 ms.
Invoked RoslynAnalysisRunner static constructor.
RoslynAnalysisRunner will not be running.
RoslynAnalysisRunner has terminated.
Mono: successfully reloaded assembly
- Completed reload, in  0.992 seconds
Platform modules already initialized, skipping
Refreshing native plugins compatible for Editor in 0.13 ms, found 1 plugins.
Preloading 0 native plugins for Editor in 0.00 ms.
Unloading 1115 Unused Serialized files (Serialized files now loaded: 0)
System memory in use before: 93.5 MB.
System memory in use after: 93.6 MB.

Unloading 4 unused Assets to reduce memory usage. Loaded Objects now: 1628.
Total: 0.929084 ms (FindLiveObjects: 0.078334 ms CreateObjectMapping: 0.017458 ms MarkObjects: 0.824583 ms  DeleteObjects: 0.008083 ms)

========================================================================
Received Prepare
Registering precompiled user dll's ...
Registered in 0.000279 seconds.
Begin MonoManager ReloadAssembly
Native extension for OSXStandalone target not found
Refreshing native plugins compatible for Editor in 0.17 ms, found 1 plugins.
Preloading 0 native plugins for Editor in 0.00 ms.
Invoked RoslynAnalysisRunner static constructor.
RoslynAnalysisRunner will not be running.
RoslynAnalysisRunner has terminated.
Mono: successfully reloaded assembly
- Completed reload, in  0.928 seconds
Platform modules already initialized, skipping
Refreshing native plugins compatible for Editor in 0.09 ms, found 1 plugins.
Preloading 0 native plugins for Editor in 0.00 ms.
Unloading 1115 Unused Serialized files (Serialized files now loaded: 0)
System memory in use before: 94.8 MB.
System memory in use after: 94.9 MB.

Unloading 4 unused Assets to reduce memory usage. Loaded Objects now: 1631.
Total: 0.885250 ms (FindLiveObjects: 0.095041 ms CreateObjectMapping: 0.013417 ms MarkObjects: 0.766500 ms  DeleteObjects: 0.009458 ms)

========================================================================
Received Prepare
Registering precompiled user dll's ...
Registered in 0.000188 seconds.
Begin MonoManager ReloadAssembly
Native extension for OSXStandalone target not found
Refreshing native plugins compatible for Editor in 0.18 ms, found 1 plugins.
Preloading 0 native plugins for Editor in 0.00 ms.
Invoked RoslynAnalysisRunner static constructor.
RoslynAnalysisRunner will not be running.
RoslynAnalysisRunner has terminated.
Mono: successfully reloaded assembly
- Completed reload, in  1.015 seconds
Platform modules already initialized, skipping
Refreshing native plugins compatible for Editor in 0.17 ms, found 1 plugins.
Preloading 0 native plugins for Editor in 0.00 ms.
Unloading 1115 Unused Serialized files (Serialized files now loaded: 0)
System memory in use before: 96.0 MB.
System memory in use after: 96.2 MB.

Unloading 4 unused Assets to reduce memory usage. Loaded Objects now: 1634.
Total: 0.821166 ms (FindLiveObjects: 0.081375 ms CreateObjectMapping: 0.014792 ms MarkObjects: 0.712666 ms  DeleteObjects: 0.011584 ms)

========================================================================
Received Prepare
Registering precompiled user dll's ...
Registered in 0.000242 seconds.
Begin MonoManager ReloadAssembly
Native extension for OSXStandalone target not found
Refreshing native plugins compatible for Editor in 0.16 ms, found 1 plugins.
Preloading 0 native plugins for Editor in 0.00 ms.
Invoked RoslynAnalysisRunner static constructor.
RoslynAnalysisRunner will not be running.
RoslynAnalysisRunner has terminated.
Mono: successfully reloaded assembly
- Completed reload, in  0.888 seconds
Platform modules already initialized, skipping
Refreshing native plugins compatible for Editor in 0.07 ms, found 1 plugins.
Preloading 0 native plugins for Editor in 0.00 ms.
Unloading 1115 Unused Serialized files (Serialized files now loaded: 0)
System memory in use before: 97.3 MB.
System memory in use after: 97.4 MB.

Unloading 4 unused Assets to reduce memory usage. Loaded Objects now: 1637.
Total: 0.754334 ms (FindLiveObjects: 0.086916 ms CreateObjectMapping: 0.019000 ms MarkObjects: 0.635375 ms  DeleteObjects: 0.012459 ms)

========================================================================
Received Prepare
Registering precompiled user dll's ...
Registered in 0.000212 seconds.
Begin MonoManager ReloadAssembly
Native extension for OSXStandalone target not found
Refreshing native plugins compatible for Editor in 0.17 ms, found 1 plugins.
Preloading 0 native plugins for Editor in 0.00 ms.
Invoked RoslynAnalysisRunner static constructor.
RoslynAnalysisRunner will not be running.
RoslynAnalysisRunner has terminated.
Mono: successfully reloaded assembly
- Completed reload, in  1.001 seconds
Platform modules already initialized, skipping
Refreshing native plugins compatible for Editor in 0.15 ms, found 1 plugins.
Preloading 0 native plugins for Editor in 0.00 ms.
Unloading 1115 Unused Serialized files (Serialized files now loaded: 0)
System memory in use before: 98.6 MB.
System memory in use after: 98.7 MB.

Unloading 4 unused Assets to reduce memory usage. Loaded Objects now: 1640.
Total: 0.850833 ms (FindLiveObjects: 0.070833 ms CreateObjectMapping: 0.014958 ms MarkObjects: 0.754250 ms  DeleteObjects: 0.010292 ms)

========================================================================
Received Prepare
Registering precompiled user dll's ...
Registered in 0.000156 seconds.
Begin MonoManager ReloadAssembly
Native extension for OSXStandalone target not found
Refreshing native plugins compatible for Editor in 0.20 ms, found 1 plugins.
Preloading 0 native plugins for Editor in 0.00 ms.
Invoked RoslynAnalysisRunner static constructor.
RoslynAnalysisRunner will not be running.
RoslynAnalysisRunner has terminated.
Mono: successfully reloaded assembly
- Completed reload, in  0.945 seconds
Platform modules already initialized, skipping
Refreshing native plugins compatible for Editor in 0.07 ms, found 1 plugins.
Preloading 0 native plugins for Editor in 0.00 ms.
Unloading 1115 Unused Serialized files (Serialized files now loaded: 0)
System memory in use before: 99.9 MB.
System memory in use after: 100.0 MB.

Unloading 4 unused Assets to reduce memory usage. Loaded Objects now: 1643.
Total: 0.746375 ms (FindLiveObjects: 0.088500 ms CreateObjectMapping: 0.014042 ms MarkObjects: 0.635041 ms  DeleteObjects: 0.008125 ms)

========================================================================
Received Prepare
Registering precompiled user dll's ...
Registered in 0.000162 seconds.
Begin MonoManager ReloadAssembly
Native extension for OSXStandalone target not found
Refreshing native plugins compatible for Editor in 0.19 ms, found 1 plugins.
Preloading 0 native plugins for Editor in 0.00 ms.
Invoked RoslynAnalysisRunner static constructor.
RoslynAnalysisRunner will not be running.
RoslynAnalysisRunner has terminated.
Mono: successfully reloaded assembly
- Completed reload, in  0.995 seconds
Platform modules already initialized, skipping
Refreshing native plugins compatible for Editor in 0.14 ms, found 1 plugins.
Preloading 0 native plugins for Editor in 0.00 ms.
Unloading 1115 Unused Serialized files (Serialized files now loaded: 0)
System memory in use before: 101.2 MB.
System memory in use after: 101.3 MB.

Unloading 4 unused Assets to reduce memory usage. Loaded Objects now: 1646.
Total: 0.951334 ms (FindLiveObjects: 0.093042 ms CreateObjectMapping: 0.018750 ms MarkObjects: 0.828459 ms  DeleteObjects: 0.010333 ms)

========================================================================
Received Prepare
Registering precompiled user dll's ...
Registered in 0.000188 seconds.
Begin MonoManager ReloadAssembly
Native extension for OSXStandalone target not found
Refreshing native plugins compatible for Editor in 0.19 ms, found 1 plugins.
Preloading 0 native plugins for Editor in 0.00 ms.
Invoked RoslynAnalysisRunner static constructor.
RoslynAnalysisRunner will not be running.
RoslynAnalysisRunner has terminated.
Mono: successfully reloaded assembly
- Completed reload, in  1.013 seconds
Platform modules already initialized, skipping
Refreshing native plugins compatible for Editor in 0.11 ms, found 1 plugins.
Preloading 0 native plugins for Editor in 0.00 ms.
Unloading 1115 Unused Serialized files (Serialized files now loaded: 0)
System memory in use before: 102.5 MB.
System memory in use after: 102.6 MB.

Unloading 4 unused Assets to reduce memory usage. Loaded Objects now: 1649.
Total: 0.806416 ms (FindLiveObjects: 0.072916 ms CreateObjectMapping: 0.015375 ms MarkObjects: 0.710084 ms  DeleteObjects: 0.007416 ms)

========================================================================
Received Prepare
Registering precompiled user dll's ...
Registered in 0.000170 seconds.
Begin MonoManager ReloadAssembly
Native extension for OSXStandalone target not found
Refreshing native plugins compatible for Editor in 0.20 ms, found 1 plugins.
Preloading 0 native plugins for Editor in 0.00 ms.
Invoked RoslynAnalysisRunner static constructor.
RoslynAnalysisRunner will not be running.
RoslynAnalysisRunner has terminated.
Mono: successfully reloaded assembly
- Completed reload, in  1.060 seconds
Platform modules already initialized, skipping
Refreshing native plugins compatible for Editor in 0.17 ms, found 1 plugins.
Preloading 0 native plugins for Editor in 0.00 ms.
Unloading 1115 Unused Serialized files (Serialized files now loaded: 0)
System memory in use before: 103.8 MB.
System memory in use after: 103.9 MB.

Unloading 4 unused Assets to reduce memory usage. Loaded Objects now: 1652.
Total: 0.864417 ms (FindLiveObjects: 0.110042 ms CreateObjectMapping: 0.014791 ms MarkObjects: 0.726417 ms  DeleteObjects: 0.012584 ms)

========================================================================
Received Prepare
Registering precompiled user dll's ...
Registered in 0.000174 seconds.
Begin MonoManager ReloadAssembly
Native extension for OSXStandalone target not found
Refreshing native plugins compatible for Editor in 0.18 ms, found 1 plugins.
Preloading 0 native plugins for Editor in 0.00 ms.
Invoked RoslynAnalysisRunner static constructor.
RoslynAnalysisRunner will not be running.
RoslynAnalysisRunner has terminated.
Mono: successfully reloaded assembly
- Completed reload, in  1.026 seconds
Platform modules already initialized, skipping
Refreshing native plugins compatible for Editor in 0.11 ms, found 1 plugins.
Preloading 0 native plugins for Editor in 0.00 ms.
Unloading 1115 Unused Serialized files (Serialized files now loaded: 0)
System memory in use before: 105.1 MB.
System memory in use after: 105.2 MB.

Unloading 4 unused Assets to reduce memory usage. Loaded Objects now: 1655.
Total: 0.772750 ms (FindLiveObjects: 0.076334 ms CreateObjectMapping: 0.017583 ms MarkObjects: 0.671125 ms  DeleteObjects: 0.007250 ms)

========================================================================
Received Prepare
Registering precompiled user dll's ...
Registered in 0.000199 seconds.
Begin MonoManager ReloadAssembly
Native extension for OSXStandalone target not found
Refreshing native plugins compatible for Editor in 0.16 ms, found 1 plugins.
Preloading 0 native plugins for Editor in 0.00 ms.
Invoked RoslynAnalysisRunner static constructor.
RoslynAnalysisRunner will not be running.
RoslynAnalysisRunner has terminated.
Mono: successfully reloaded assembly
- Completed reload, in  0.859 seconds
Platform modules already initialized, skipping
Refreshing native plugins compatible for Editor in 0.07 ms, found 1 plugins.
Preloading 0 native plugins for Editor in 0.00 ms.
Unloading 1115 Unused Serialized files (Serialized files now loaded: 0)
System memory in use before: 106.4 MB.
System memory in use after: 106.5 MB.

Unloading 4 unused Assets to reduce memory usage. Loaded Objects now: 1658.
Total: 0.744500 ms (FindLiveObjects: 0.087208 ms CreateObjectMapping: 0.017500 ms MarkObjects: 0.631917 ms  DeleteObjects: 0.007292 ms)

